<?xml version="1.0" encoding="utf-8"?>
<test-run id="2" name="APITests.dll" fullname="C:/dev/git/github/Examples/ApiTests/ApiTests/bin/Debug/APITests.dll" testcasecount="2" result="Passed" start-time="2018-05-29 19:10:34Z" end-time="2018-05-29 19:10:37Z" duration="3.022928" total="2" passed="2" failed="0" inconclusive="0" skipped="0" asserts="13" random-seed="6821758">
  <command-line><![CDATA["C:\dev\git\github\Examples\ApiTests\lib\NUnit.3.10.1\bin\net45\nunitlite-runner.exe" APITests.dll]]></command-line>
  <filter />
  <test-suite type="Assembly" id="1003" name="APITests.dll" fullname="C:/dev/git/github/Examples/ApiTests/ApiTests/bin/Debug/APITests.dll" runstate="Runnable" testcasecount="2" result="Passed" start-time="2018-05-29 19:10:34Z" end-time="2018-05-29 19:10:37Z" duration="3.022928" total="2" passed="2" failed="0" warnings="0" inconclusive="0" skipped="0" asserts="13">
    <environment framework-version="3.10.1.0" clr-version="4.0.30319.42000" os-version="Microsoft Windows NT 6.1.7601.65536" platform="Win32NT" cwd="C:\dev\git\github\Examples\ApiTests\ApiTests\bin\Debug" machine-name="HQDN-DDAMATO4" user="ddamato" user-domain="billtrust-dom" culture="en-US" uiculture="en-US" os-architecture="x64" />
    <settings>
      <setting name="WorkDirectory" value="C:\dev\git\github\Examples\ApiTests\ApiTests\bin\Debug" />
      <setting name="NumberOfTestWorkers" value="8" />
    </settings>
    <properties>
      <property name="_PID" value="13252" />
      <property name="_APPDOMAIN" value="nunitlite-runner.exe" />
    </properties>
    <test-suite type="TestSuite" id="1004" name="ApiTests" fullname="ApiTests" runstate="Runnable" testcasecount="2" result="Passed" start-time="2018-05-29 19:10:34Z" end-time="2018-05-29 19:10:37Z" duration="3.010041" total="2" passed="2" failed="0" warnings="0" inconclusive="0" skipped="0" asserts="13">
      <test-suite type="TestFixture" id="1000" name="Tests" fullname="ApiTests.Tests" classname="ApiTests.Tests" runstate="Runnable" testcasecount="2" result="Passed" start-time="2018-05-29 19:10:34Z" end-time="2018-05-29 19:10:37Z" duration="3.001582" total="2" passed="2" failed="0" warnings="0" inconclusive="0" skipped="0" asserts="13">
        <test-case id="1002" name="TestMarketInfo" fullname="ApiTests.Tests.TestMarketInfo" methodname="TestMarketInfo" classname="ApiTests.Tests" runstate="Runnable" seed="1164777469" result="Passed" start-time="2018-05-29 19:10:34Z" end-time="2018-05-29 19:10:36Z" duration="2.105593" asserts="7">
          <output><![CDATA[result: {"pair":"LTC_ETH","rate":0.2108176,"minerFee":0.0014,"limit":41.44300696,"minimum":0.01318484,"maxLimit":41.44300696}
]]></output>
        </test-case>
        <test-case id="1001" name="TestRateEndpoint" fullname="ApiTests.Tests.TestRateEndpoint" methodname="TestRateEndpoint" classname="ApiTests.Tests" runstate="Runnable" seed="218734370" result="Passed" start-time="2018-05-29 19:10:36Z" end-time="2018-05-29 19:10:37Z" duration="0.877863" asserts="6">
          <output><![CDATA[result: {"pair":"btc_doge","rate":"2205111.11111111"}
result: {"pair":"btc_eth","rate":"13.07254042"}
]]></output>
        </test-case>
      </test-suite>
    </test-suite>
  </test-suite>
</test-run>